<?xml version="1.0" encoding="UTF-8"?>
<testng-results ignored="0" total="14" passed="14" failed="0" skipped="0">
  <reporter-output>
  </reporter-output>
  <suite started-at="2023-07-03T08:24:30 EDT" name="TutorialsNinja Automation Suite" finished-at="2023-07-03T08:26:55 EDT" duration-ms="145095">
    <groups>
    </groups>
    <test started-at="2023-07-03T08:24:30 EDT" name="TutorialNinja Automation Test" finished-at="2023-07-03T08:26:55 EDT" duration-ms="145095">
      <class name="com.tutorialsninja.qa.testcases.Register">
        <test-method is-config="true" signature="setup()[pri:0, instance:com.tutorialsninja.qa.testcases.Register@534a5a98]" started-at="2023-07-03T08:24:31 EDT" name="setup" finished-at="2023-07-03T08:24:40 EDT" duration-ms="9340" status="PASS">
          <reporter-output>
          </reporter-output>
        </test-method> <!-- setup -->
        <test-method signature="verifyRegisteringAnAccountWithMandatoryFields()[pri:1, instance:com.tutorialsninja.qa.testcases.Register@534a5a98]" started-at="2023-07-03T08:24:40 EDT" name="verifyRegisteringAnAccountWithMandatoryFields" finished-at="2023-07-03T08:24:42 EDT" duration-ms="2275" status="PASS">
          <reporter-output>
          </reporter-output>
        </test-method> <!-- verifyRegisteringAnAccountWithMandatoryFields -->
        <test-method is-config="true" signature="tearDown()[pri:0, instance:com.tutorialsninja.qa.testcases.Register@534a5a98]" started-at="2023-07-03T08:24:42 EDT" name="tearDown" finished-at="2023-07-03T08:24:43 EDT" duration-ms="665" status="PASS">
          <reporter-output>
          </reporter-output>
        </test-method> <!-- tearDown -->
        <test-method is-config="true" signature="setup()[pri:0, instance:com.tutorialsninja.qa.testcases.Register@534a5a98]" started-at="2023-07-03T08:24:43 EDT" name="setup" finished-at="2023-07-03T08:24:51 EDT" duration-ms="8052" status="PASS">
          <reporter-output>
          </reporter-output>
        </test-method> <!-- setup -->
        <test-method signature="verifyRegisteringAccountByProvidingAllFields()[pri:2, instance:com.tutorialsninja.qa.testcases.Register@534a5a98]" started-at="2023-07-03T08:24:51 EDT" name="verifyRegisteringAccountByProvidingAllFields" finished-at="2023-07-03T08:24:53 EDT" duration-ms="1386" status="PASS">
          <reporter-output>
          </reporter-output>
        </test-method> <!-- verifyRegisteringAccountByProvidingAllFields -->
        <test-method is-config="true" signature="tearDown()[pri:0, instance:com.tutorialsninja.qa.testcases.Register@534a5a98]" started-at="2023-07-03T08:24:53 EDT" name="tearDown" finished-at="2023-07-03T08:24:53 EDT" duration-ms="478" status="PASS">
          <reporter-output>
          </reporter-output>
        </test-method> <!-- tearDown -->
        <test-method is-config="true" signature="setup()[pri:0, instance:com.tutorialsninja.qa.testcases.Register@534a5a98]" started-at="2023-07-03T08:24:53 EDT" name="setup" finished-at="2023-07-03T08:25:00 EDT" duration-ms="7275" status="PASS">
          <reporter-output>
          </reporter-output>
        </test-method> <!-- setup -->
        <test-method signature="verifyregisteringAccountWithExistingEmailAddress()[pri:3, instance:com.tutorialsninja.qa.testcases.Register@534a5a98]" started-at="2023-07-03T08:25:00 EDT" name="verifyregisteringAccountWithExistingEmailAddress" finished-at="2023-07-03T08:25:02 EDT" duration-ms="1441" status="PASS">
          <reporter-output>
          </reporter-output>
        </test-method> <!-- verifyregisteringAccountWithExistingEmailAddress -->
        <test-method is-config="true" signature="tearDown()[pri:0, instance:com.tutorialsninja.qa.testcases.Register@534a5a98]" started-at="2023-07-03T08:25:02 EDT" name="tearDown" finished-at="2023-07-03T08:25:02 EDT" duration-ms="503" status="PASS">
          <reporter-output>
          </reporter-output>
        </test-method> <!-- tearDown -->
        <test-method is-config="true" signature="setup()[pri:0, instance:com.tutorialsninja.qa.testcases.Register@534a5a98]" started-at="2023-07-03T08:25:02 EDT" name="setup" finished-at="2023-07-03T08:25:09 EDT" duration-ms="7171" status="PASS">
          <reporter-output>
          </reporter-output>
        </test-method> <!-- setup -->
        <test-method signature="verifyRegisteringAccountWithoutFillingAnyDetails()[pri:4, instance:com.tutorialsninja.qa.testcases.Register@534a5a98]" started-at="2023-07-03T08:25:09 EDT" name="verifyRegisteringAccountWithoutFillingAnyDetails" finished-at="2023-07-03T08:25:10 EDT" duration-ms="131" status="PASS">
          <reporter-output>
          </reporter-output>
        </test-method> <!-- verifyRegisteringAccountWithoutFillingAnyDetails -->
        <test-method is-config="true" signature="tearDown()[pri:0, instance:com.tutorialsninja.qa.testcases.Register@534a5a98]" started-at="2023-07-03T08:25:10 EDT" name="tearDown" finished-at="2023-07-03T08:25:10 EDT" duration-ms="583" status="PASS">
          <reporter-output>
          </reporter-output>
        </test-method> <!-- tearDown -->
      </class> <!-- com.tutorialsninja.qa.testcases.Register -->
      <class name="com.tutorialsninja.qa.testcases.Search">
        <test-method is-config="true" signature="setup()[pri:0, instance:com.tutorialsninja.qa.testcases.Search@76a4ebf2]" started-at="2023-07-03T08:25:10 EDT" name="setup" finished-at="2023-07-03T08:25:16 EDT" duration-ms="5675" status="PASS">
          <reporter-output>
          </reporter-output>
        </test-method> <!-- setup -->
        <test-method signature="verifySearchWithValidProduct()[pri:1, instance:com.tutorialsninja.qa.testcases.Search@76a4ebf2]" started-at="2023-07-03T08:25:16 EDT" name="verifySearchWithValidProduct" finished-at="2023-07-03T08:25:17 EDT" duration-ms="1179" status="PASS">
          <reporter-output>
          </reporter-output>
        </test-method> <!-- verifySearchWithValidProduct -->
        <test-method is-config="true" signature="tearDown()[pri:0, instance:com.tutorialsninja.qa.testcases.Search@76a4ebf2]" started-at="2023-07-03T08:25:17 EDT" name="tearDown" finished-at="2023-07-03T08:25:18 EDT" duration-ms="468" status="PASS">
          <reporter-output>
          </reporter-output>
        </test-method> <!-- tearDown -->
        <test-method is-config="true" signature="setup()[pri:0, instance:com.tutorialsninja.qa.testcases.Search@76a4ebf2]" started-at="2023-07-03T08:25:18 EDT" name="setup" finished-at="2023-07-03T08:25:23 EDT" duration-ms="5835" status="PASS">
          <reporter-output>
          </reporter-output>
        </test-method> <!-- setup -->
        <test-method signature="verifySearchWithInvalidProduct()[pri:2, instance:com.tutorialsninja.qa.testcases.Search@76a4ebf2]" started-at="2023-07-03T08:25:23 EDT" name="verifySearchWithInvalidProduct" finished-at="2023-07-03T08:25:24 EDT" duration-ms="1101" status="PASS">
          <reporter-output>
          </reporter-output>
        </test-method> <!-- verifySearchWithInvalidProduct -->
        <test-method is-config="true" signature="tearDown()[pri:0, instance:com.tutorialsninja.qa.testcases.Search@76a4ebf2]" started-at="2023-07-03T08:25:24 EDT" name="tearDown" finished-at="2023-07-03T08:25:25 EDT" duration-ms="485" status="PASS">
          <reporter-output>
          </reporter-output>
        </test-method> <!-- tearDown -->
        <test-method is-config="true" signature="setup()[pri:0, instance:com.tutorialsninja.qa.testcases.Search@76a4ebf2]" started-at="2023-07-03T08:25:25 EDT" name="setup" finished-at="2023-07-03T08:25:31 EDT" duration-ms="5966" status="PASS">
          <reporter-output>
          </reporter-output>
        </test-method> <!-- setup -->
        <test-method signature="verifySearchWithoutAnyProduct()[pri:3, instance:com.tutorialsninja.qa.testcases.Search@76a4ebf2]" started-at="2023-07-03T08:25:31 EDT" name="verifySearchWithoutAnyProduct" finished-at="2023-07-03T08:25:32 EDT" duration-ms="733" status="PASS">
          <reporter-output>
          </reporter-output>
        </test-method> <!-- verifySearchWithoutAnyProduct -->
        <test-method is-config="true" signature="tearDown()[pri:0, instance:com.tutorialsninja.qa.testcases.Search@76a4ebf2]" started-at="2023-07-03T08:25:32 EDT" name="tearDown" finished-at="2023-07-03T08:25:32 EDT" duration-ms="471" status="PASS">
          <reporter-output>
          </reporter-output>
        </test-method> <!-- tearDown -->
      </class> <!-- com.tutorialsninja.qa.testcases.Search -->
      <class name="com.tutorialsninja.qa.testcases.Login">
        <test-method is-config="true" signature="setup()[pri:0, instance:com.tutorialsninja.qa.testcases.Login@449a4f23]" started-at="2023-07-03T08:25:34 EDT" name="setup" finished-at="2023-07-03T08:25:40 EDT" duration-ms="6866" status="PASS">
          <reporter-output>
          </reporter-output>
        </test-method> <!-- setup -->
        <test-method signature="verifyLoginWithValidCredentials(java.lang.String,java.lang.String)[pri:1, instance:com.tutorialsninja.qa.testcases.Login@449a4f23]" started-at="2023-07-03T08:25:40 EDT" name="verifyLoginWithValidCredentials" data-provider="validCredentialsSupplier" finished-at="2023-07-03T08:25:45 EDT" duration-ms="4649" status="PASS">
          <params>
            <param index="0">
              <value>
                <![CDATA[seleniumpanda@gmail.com]]>
              </value>
            </param>
            <param index="1">
              <value>
                <![CDATA[Selenium@123]]>
              </value>
            </param>
          </params>
          <reporter-output>
          </reporter-output>
        </test-method> <!-- verifyLoginWithValidCredentials -->
        <test-method is-config="true" signature="tearDown()[pri:0, instance:com.tutorialsninja.qa.testcases.Login@449a4f23]" started-at="2023-07-03T08:25:45 EDT" name="tearDown" finished-at="2023-07-03T08:25:46 EDT" duration-ms="514" status="PASS">
          <reporter-output>
          </reporter-output>
        </test-method> <!-- tearDown -->
        <test-method is-config="true" signature="setup()[pri:0, instance:com.tutorialsninja.qa.testcases.Login@449a4f23]" started-at="2023-07-03T08:25:46 EDT" name="setup" finished-at="2023-07-03T08:25:52 EDT" duration-ms="6747" status="PASS">
          <reporter-output>
          </reporter-output>
        </test-method> <!-- setup -->
        <test-method signature="verifyLoginWithValidCredentials(java.lang.String,java.lang.String)[pri:1, instance:com.tutorialsninja.qa.testcases.Login@449a4f23]" started-at="2023-07-03T08:25:52 EDT" name="verifyLoginWithValidCredentials" data-provider="validCredentialsSupplier" finished-at="2023-07-03T08:25:57 EDT" duration-ms="4655" status="PASS">
          <params>
            <param index="0">
              <value>
                <![CDATA[seleniumpanda1@gmail.com]]>
              </value>
            </param>
            <param index="1">
              <value>
                <![CDATA[Selenium@123]]>
              </value>
            </param>
          </params>
          <reporter-output>
          </reporter-output>
        </test-method> <!-- verifyLoginWithValidCredentials -->
        <test-method is-config="true" signature="tearDown()[pri:0, instance:com.tutorialsninja.qa.testcases.Login@449a4f23]" started-at="2023-07-03T08:25:57 EDT" name="tearDown" finished-at="2023-07-03T08:25:57 EDT" duration-ms="501" status="PASS">
          <reporter-output>
          </reporter-output>
        </test-method> <!-- tearDown -->
        <test-method is-config="true" signature="setup()[pri:0, instance:com.tutorialsninja.qa.testcases.Login@449a4f23]" started-at="2023-07-03T08:25:57 EDT" name="setup" finished-at="2023-07-03T08:26:04 EDT" duration-ms="7014" status="PASS">
          <reporter-output>
          </reporter-output>
        </test-method> <!-- setup -->
        <test-method signature="verifyLoginWithValidCredentials(java.lang.String,java.lang.String)[pri:1, instance:com.tutorialsninja.qa.testcases.Login@449a4f23]" started-at="2023-07-03T08:26:04 EDT" name="verifyLoginWithValidCredentials" data-provider="validCredentialsSupplier" finished-at="2023-07-03T08:26:09 EDT" duration-ms="4465" status="PASS">
          <params>
            <param index="0">
              <value>
                <![CDATA[seleniumpanda2@gmail.com]]>
              </value>
            </param>
            <param index="1">
              <value>
                <![CDATA[Selenium@123]]>
              </value>
            </param>
          </params>
          <reporter-output>
          </reporter-output>
        </test-method> <!-- verifyLoginWithValidCredentials -->
        <test-method is-config="true" signature="tearDown()[pri:0, instance:com.tutorialsninja.qa.testcases.Login@449a4f23]" started-at="2023-07-03T08:26:09 EDT" name="tearDown" finished-at="2023-07-03T08:26:10 EDT" duration-ms="598" status="PASS">
          <reporter-output>
          </reporter-output>
        </test-method> <!-- tearDown -->
        <test-method is-config="true" signature="setup()[pri:0, instance:com.tutorialsninja.qa.testcases.Login@449a4f23]" started-at="2023-07-03T08:26:10 EDT" name="setup" finished-at="2023-07-03T08:26:16 EDT" duration-ms="6574" status="PASS">
          <reporter-output>
          </reporter-output>
        </test-method> <!-- setup -->
        <test-method signature="verifyLoginWithInvalidCredentials()[pri:2, instance:com.tutorialsninja.qa.testcases.Login@449a4f23]" started-at="2023-07-03T08:26:16 EDT" name="verifyLoginWithInvalidCredentials" finished-at="2023-07-03T08:26:20 EDT" duration-ms="4131" status="PASS">
          <reporter-output>
          </reporter-output>
        </test-method> <!-- verifyLoginWithInvalidCredentials -->
        <test-method is-config="true" signature="tearDown()[pri:0, instance:com.tutorialsninja.qa.testcases.Login@449a4f23]" started-at="2023-07-03T08:26:20 EDT" name="tearDown" finished-at="2023-07-03T08:26:21 EDT" duration-ms="457" status="PASS">
          <reporter-output>
          </reporter-output>
        </test-method> <!-- tearDown -->
        <test-method is-config="true" signature="setup()[pri:0, instance:com.tutorialsninja.qa.testcases.Login@449a4f23]" started-at="2023-07-03T08:26:21 EDT" name="setup" finished-at="2023-07-03T08:26:28 EDT" duration-ms="6832" status="PASS">
          <reporter-output>
          </reporter-output>
        </test-method> <!-- setup -->
        <test-method signature="verifyLoginWithInvalidEmailAndValidPassword()[pri:3, instance:com.tutorialsninja.qa.testcases.Login@449a4f23]" started-at="2023-07-03T08:26:28 EDT" name="verifyLoginWithInvalidEmailAndValidPassword" finished-at="2023-07-03T08:26:32 EDT" duration-ms="4291" status="PASS">
          <reporter-output>
          </reporter-output>
        </test-method> <!-- verifyLoginWithInvalidEmailAndValidPassword -->
        <test-method is-config="true" signature="tearDown()[pri:0, instance:com.tutorialsninja.qa.testcases.Login@449a4f23]" started-at="2023-07-03T08:26:32 EDT" name="tearDown" finished-at="2023-07-03T08:26:32 EDT" duration-ms="439" status="PASS">
          <reporter-output>
          </reporter-output>
        </test-method> <!-- tearDown -->
        <test-method is-config="true" signature="setup()[pri:0, instance:com.tutorialsninja.qa.testcases.Login@449a4f23]" started-at="2023-07-03T08:26:32 EDT" name="setup" finished-at="2023-07-03T08:26:39 EDT" duration-ms="7161" status="PASS">
          <reporter-output>
          </reporter-output>
        </test-method> <!-- setup -->
        <test-method signature="verifyLoginWithValidEmailAndInvalidPassword()[pri:4, instance:com.tutorialsninja.qa.testcases.Login@449a4f23]" started-at="2023-07-03T08:26:39 EDT" name="verifyLoginWithValidEmailAndInvalidPassword" finished-at="2023-07-03T08:26:44 EDT" duration-ms="4191" status="PASS">
          <reporter-output>
          </reporter-output>
        </test-method> <!-- verifyLoginWithValidEmailAndInvalidPassword -->
        <test-method is-config="true" signature="tearDown()[pri:0, instance:com.tutorialsninja.qa.testcases.Login@449a4f23]" started-at="2023-07-03T08:26:44 EDT" name="tearDown" finished-at="2023-07-03T08:26:44 EDT" duration-ms="583" status="PASS">
          <reporter-output>
          </reporter-output>
        </test-method> <!-- tearDown -->
        <test-method is-config="true" signature="setup()[pri:0, instance:com.tutorialsninja.qa.testcases.Login@449a4f23]" started-at="2023-07-03T08:26:44 EDT" name="setup" finished-at="2023-07-03T08:26:51 EDT" duration-ms="6699" status="PASS">
          <reporter-output>
          </reporter-output>
        </test-method> <!-- setup -->
        <test-method signature="verifyLoginWithoutProvidingCredentials()[pri:5, instance:com.tutorialsninja.qa.testcases.Login@449a4f23]" started-at="2023-07-03T08:26:51 EDT" name="verifyLoginWithoutProvidingCredentials" finished-at="2023-07-03T08:26:55 EDT" duration-ms="3695" status="PASS">
          <reporter-output>
          </reporter-output>
        </test-method> <!-- verifyLoginWithoutProvidingCredentials -->
        <test-method is-config="true" signature="tearDown()[pri:0, instance:com.tutorialsninja.qa.testcases.Login@449a4f23]" started-at="2023-07-03T08:26:55 EDT" name="tearDown" finished-at="2023-07-03T08:26:55 EDT" duration-ms="609" status="PASS">
          <reporter-output>
          </reporter-output>
        </test-method> <!-- tearDown -->
      </class> <!-- com.tutorialsninja.qa.testcases.Login -->
    </test> <!-- TutorialNinja Automation Test -->
  </suite> <!-- TutorialsNinja Automation Suite -->
</testng-results>
